<?xml version="1.0" encoding="UTF-8"?>
<testsuite xmlns:xsi="http://www.w3.org/2001/XMLSchema-instance" xsi:noNamespaceSchemaLocation="https://maven.apache.org/surefire/maven-surefire-plugin/xsd/surefire-test-report.xsd" version="3.0.2" name="com.cars24.slack_hrbp.controller.EmployeeControllerTest" time="15.926" tests="2" errors="0" skipped="0" failures="0">
  <properties>
[...]
</properties>
  <testcase name="testGetUserDetails" classname="com.cars24.slack_hrbp.controller.EmployeeControllerTest" time="0.239">
    <system-out><![CDATA[18:31:09.763 [main] INFO org.springframework.test.context.support.AnnotationConfigContextLoaderUtils -- Could not detect default configuration classes for test class [com.cars24.slack_hrbp.controller.EmployeeControllerTest]: EmployeeControllerTest does not declare any static, non-private, non-final, nested classes annotated with @Configuration.
18:31:10.213 [main] INFO org.springframework.boot.test.context.SpringBootTestContextBootstrapper -- Found @SpringBootConfiguration com.cars24.slack_hrbp.SlackHrbpApplication for test class com.cars24.slack_hrbp.controller.EmployeeControllerTest

  .   ____          _            __ _ _
 /\\ / ___'_ __ _ _(_)_ __  __ _ \ \ \ \
( ( )\___ | '_ | '_| | '_ \/ _` | \ \ \ \
 \\/  ___)| |_)| | | | | || (_| |  ) ) ) )
  '  |____| .__|_| |_|_| |_\__, | / / / /
 =========|_|==============|___/=/_/_/_/

 :: Spring Boot ::                (v3.4.2)

2025-03-27T18:31:11.403+05:30  INFO 20740 --- [slack-hrbp] [           main] c.c.s.controller.EmployeeControllerTest  : Starting EmployeeControllerTest using Java 23.0.1 with PID 20740 (started by Varun S in C:\Users\Varun S\Desktop\neww\Hrbp-FullStack\backend\slack-hrbp)
2025-03-27T18:31:11.406+05:30  INFO 20740 --- [slack-hrbp] [           main] c.c.s.controller.EmployeeControllerTest  : No active profile set, falling back to 1 default profile: "default"
2025-03-27T18:31:13.376+05:30  INFO 20740 --- [slack-hrbp] [           main] .s.d.r.c.RepositoryConfigurationDelegate : Multiple Spring Data modules found, entering strict repository configuration mode
2025-03-27T18:31:13.380+05:30  INFO 20740 --- [slack-hrbp] [           main] .s.d.r.c.RepositoryConfigurationDelegate : Bootstrapping Spring Data JPA repositories in DEFAULT mode.
2025-03-27T18:31:13.492+05:30  INFO 20740 --- [slack-hrbp] [           main] .RepositoryConfigurationExtensionSupport : Spring Data JPA - Could not safely identify store assignment for repository candidate interface com.cars24.slack_hrbp.data.repository.AttendanceRepository; If you want this repository to be a JPA repository, consider annotating your entities with one of these annotations: jakarta.persistence.Entity, jakarta.persistence.MappedSuperclass (preferred), or consider extending one of the following types with your repository: org.springframework.data.jpa.repository.JpaRepository
2025-03-27T18:31:13.500+05:30  INFO 20740 --- [slack-hrbp] [           main] .RepositoryConfigurationExtensionSupport : Spring Data JPA - Could not safely identify store assignment for repository candidate interface com.cars24.slack_hrbp.data.repository.EmployeeRepository; If you want this repository to be a JPA repository, consider annotating your entities with one of these annotations: jakarta.persistence.Entity, jakarta.persistence.MappedSuperclass (preferred), or consider extending one of the following types with your repository: org.springframework.data.jpa.repository.JpaRepository
2025-03-27T18:31:13.504+05:30  INFO 20740 --- [slack-hrbp] [           main] .RepositoryConfigurationExtensionSupport : Spring Data JPA - Could not safely identify store assignment for repository candidate interface com.cars24.slack_hrbp.data.repository.ProfileRepository; If you want this repository to be a JPA repository, consider annotating your entities with one of these annotations: jakarta.persistence.Entity, jakarta.persistence.MappedSuperclass (preferred), or consider extending one of the following types with your repository: org.springframework.data.jpa.repository.JpaRepository
2025-03-27T18:31:13.506+05:30  INFO 20740 --- [slack-hrbp] [           main] .s.d.r.c.RepositoryConfigurationDelegate : Finished Spring Data repository scanning in 101 ms. Found 0 JPA repository interfaces.
2025-03-27T18:31:13.597+05:30  INFO 20740 --- [slack-hrbp] [           main] .s.d.r.c.RepositoryConfigurationDelegate : Multiple Spring Data modules found, entering strict repository configuration mode
2025-03-27T18:31:13.598+05:30  INFO 20740 --- [slack-hrbp] [           main] .s.d.r.c.RepositoryConfigurationDelegate : Bootstrapping Spring Data MongoDB repositories in DEFAULT mode.
2025-03-27T18:31:13.881+05:30  INFO 20740 --- [slack-hrbp] [           main] .RepositoryConfigurationExtensionSupport : Spring Data MongoDB - Could not safely identify store assignment for repository candidate interface com.cars24.slack_hrbp.data.repository.EmployeeRepository; If you want this repository to be a MongoDB repository, consider annotating your entities with one of these annotations: org.springframework.data.mongodb.core.mapping.Document (preferred), or consider extending one of the following types with your repository: org.springframework.data.mongodb.repository.MongoRepository
2025-03-27T18:31:13.928+05:30  INFO 20740 --- [slack-hrbp] [           main] .s.d.r.c.RepositoryConfigurationDelegate : Finished Spring Data repository scanning in 328 ms. Found 2 MongoDB repository interfaces.
2025-03-27T18:31:13.994+05:30  INFO 20740 --- [slack-hrbp] [           main] .s.d.r.c.RepositoryConfigurationDelegate : Multiple Spring Data modules found, entering strict repository configuration mode
2025-03-27T18:31:13.997+05:30  INFO 20740 --- [slack-hrbp] [           main] .s.d.r.c.RepositoryConfigurationDelegate : Bootstrapping Spring Data Neo4j repositories in DEFAULT mode.
2025-03-27T18:31:14.017+05:30  INFO 20740 --- [slack-hrbp] [           main] .RepositoryConfigurationExtensionSupport : Spring Data Neo4j - Could not safely identify store assignment for repository candidate interface com.cars24.slack_hrbp.data.repository.AttendanceRepository; If you want this repository to be a Neo4j repository, consider annotating your entities with one of these annotations: org.springframework.data.neo4j.core.schema.Node, org.springframework.data.neo4j.core.schema.RelationshipProperties (preferred), or consider extending one of the following types with your repository: org.springframework.data.neo4j.repository.ReactiveNeo4jRepository
2025-03-27T18:31:14.019+05:30  INFO 20740 --- [slack-hrbp] [           main] .RepositoryConfigurationExtensionSupport : Spring Data Neo4j - Could not safely identify store assignment for repository candidate interface com.cars24.slack_hrbp.data.repository.ProfileRepository; If you want this repository to be a Neo4j repository, consider annotating your entities with one of these annotations: org.springframework.data.neo4j.core.schema.Node, org.springframework.data.neo4j.core.schema.RelationshipProperties (preferred), or consider extending one of the following types with your repository: org.springframework.data.neo4j.repository.ReactiveNeo4jRepository
2025-03-27T18:31:14.020+05:30  INFO 20740 --- [slack-hrbp] [           main] .s.d.r.c.RepositoryConfigurationDelegate : Finished Spring Data repository scanning in 18 ms. Found 0 Neo4j repository interfaces.
2025-03-27T18:31:14.030+05:30  INFO 20740 --- [slack-hrbp] [           main] .s.d.r.c.RepositoryConfigurationDelegate : Multiple Spring Data modules found, entering strict repository configuration mode
2025-03-27T18:31:14.031+05:30  INFO 20740 --- [slack-hrbp] [           main] .s.d.r.c.RepositoryConfigurationDelegate : Bootstrapping Spring Data Neo4j repositories in DEFAULT mode.
2025-03-27T18:31:14.046+05:30  INFO 20740 --- [slack-hrbp] [           main] .RepositoryConfigurationExtensionSupport : Spring Data Neo4j - Could not safely identify store assignment for repository candidate interface com.cars24.slack_hrbp.data.repository.AttendanceRepository; If you want this repository to be a Neo4j repository, consider annotating your entities with one of these annotations: org.springframework.data.neo4j.core.schema.Node, org.springframework.data.neo4j.core.schema.RelationshipProperties (preferred), or consider extending one of the following types with your repository: org.springframework.data.neo4j.repository.Neo4jRepository
2025-03-27T18:31:14.048+05:30  INFO 20740 --- [slack-hrbp] [           main] .RepositoryConfigurationExtensionSupport : Spring Data Neo4j - Could not safely identify store assignment for repository candidate interface com.cars24.slack_hrbp.data.repository.ProfileRepository; If you want this repository to be a Neo4j repository, consider annotating your entities with one of these annotations: org.springframework.data.neo4j.core.schema.Node, org.springframework.data.neo4j.core.schema.RelationshipProperties (preferred), or consider extending one of the following types with your repository: org.springframework.data.neo4j.repository.Neo4jRepository
2025-03-27T18:31:14.061+05:30  INFO 20740 --- [slack-hrbp] [           main] .s.d.r.c.RepositoryConfigurationDelegate : Finished Spring Data repository scanning in 26 ms. Found 1 Neo4j repository interface.
2025-03-27T18:31:15.296+05:30  INFO 20740 --- [slack-hrbp] [           main] com.zaxxer.hikari.HikariDataSource       : HikariPool-1 - Starting...
2025-03-27T18:31:16.217+05:30  INFO 20740 --- [slack-hrbp] [           main] com.zaxxer.hikari.pool.HikariPool        : HikariPool-1 - Added connection conn0: url=jdbc:h2:mem:53d8af68-fb1d-4976-b0b7-cbf835a6d1ae user=SA
2025-03-27T18:31:16.221+05:30  INFO 20740 --- [slack-hrbp] [           main] com.zaxxer.hikari.HikariDataSource       : HikariPool-1 - Start completed.
2025-03-27T18:31:16.404+05:30  INFO 20740 --- [slack-hrbp] [           main] o.hibernate.jpa.internal.util.LogHelper  : HHH000204: Processing PersistenceUnitInfo [name: default]
2025-03-27T18:31:16.603+05:30  INFO 20740 --- [slack-hrbp] [           main] org.hibernate.Version                    : HHH000412: Hibernate ORM core version 6.6.5.Final
2025-03-27T18:31:16.707+05:30  INFO 20740 --- [slack-hrbp] [           main] o.h.c.internal.RegionFactoryInitiator    : HHH000026: Second-level cache disabled
2025-03-27T18:31:17.624+05:30  INFO 20740 --- [slack-hrbp] [           main] o.s.o.j.p.SpringPersistenceUnitInfo      : No LoadTimeWeaver setup: ignoring JPA class transformer
2025-03-27T18:31:17.859+05:30  INFO 20740 --- [slack-hrbp] [           main] org.hibernate.orm.connections.pooling    : HHH10001005: Database info:
	Database JDBC URL [Connecting through datasource 'HikariDataSource (HikariPool-1)']
	Database driver: undefined/unknown
	Database version: 2.3.232
	Autocommit mode: undefined/unknown
	Isolation level: undefined/unknown
	Minimum pool size: undefined/unknown
	Maximum pool size: undefined/unknown
2025-03-27T18:31:18.936+05:30  INFO 20740 --- [slack-hrbp] [           main] o.h.e.t.j.p.i.JtaPlatformInitiator       : HHH000489: No JTA platform available (set 'hibernate.transaction.jta.platform' to enable JTA platform integration)
2025-03-27T18:31:18.948+05:30  INFO 20740 --- [slack-hrbp] [           main] j.LocalContainerEntityManagerFactoryBean : Initialized JPA EntityManagerFactory for persistence unit 'default'
2025-03-27T18:31:19.455+05:30  INFO 20740 --- [slack-hrbp] [7cn.mongodb.net] org.mongodb.driver.cluster               : Adding discovered server cluster0-shard-00-02.sy7cn.mongodb.net:27017 to client view of cluster
2025-03-27T18:31:19.506+05:30  INFO 20740 --- [slack-hrbp] [           main] org.mongodb.driver.client                : MongoClient with metadata {"application": {"name": "Cluster0"}, "driver": {"name": "mongo-java-driver|sync|spring-boot", "version": "5.2.1"}, "os": {"type": "Windows", "name": "Windows 10", "architecture": "amd64", "version": "10.0"}, "platform": "Java/Oracle Corporation/23.0.1+11-39"} created with settings MongoClientSettings{readPreference=primary, writeConcern=WriteConcern{w=majority, wTimeout=null ms, journal=null}, retryWrites=true, retryReads=true, readConcern=ReadConcern{level=null}, credential=MongoCredential{mechanism=null, userName='jagadeeshlatti', source='admin', password=<hidden>, mechanismProperties=<hidden>}, transportSettings=null, commandListeners=[], codecRegistry=ProvidersCodecRegistry{codecProviders=[ValueCodecProvider{}, BsonValueCodecProvider{}, DBRefCodecProvider{}, DBObjectCodecProvider{}, DocumentCodecProvider{}, CollectionCodecProvider{}, IterableCodecProvider{}, MapCodecProvider{}, GeoJsonCodecProvider{}, GridFSFileCodecProvider{}, Jsr310CodecProvider{}, JsonObjectCodecProvider{}, BsonCodecProvider{}, EnumCodecProvider{}, com.mongodb.client.model.mql.ExpressionCodecProvider@74eed145, com.mongodb.Jep395RecordCodecProvider@661a26a8, com.mongodb.KotlinCodecProvider@ea3a636]}, loggerSettings=LoggerSettings{maxDocumentLength=1000}, clusterSettings={hosts=[127.0.0.1:27017], srvHost=cluster0.sy7cn.mongodb.net, srvServiceName=mongodb, mode=MULTIPLE, requiredClusterType=REPLICA_SET, requiredReplicaSetName='atlas-84t061-shard-0', serverSelector='null', clusterListeners='[]', serverSelectionTimeout='30000 ms', localThreshold='15 ms'}, socketSettings=SocketSettings{connectTimeoutMS=10000, readTimeoutMS=0, receiveBufferSize=0, proxySettings=ProxySettings{host=null, port=null, username=null, password=null}}, heartbeatSocketSettings=SocketSettings{connectTimeoutMS=10000, readTimeoutMS=10000, receiveBufferSize=0, proxySettings=ProxySettings{host=null, port=null, username=null, password=null}}, connectionPoolSettings=ConnectionPoolSettings{maxSize=100, minSize=0, maxWaitTimeMS=120000, maxConnectionLifeTimeMS=0, maxConnectionIdleTimeMS=0, maintenanceInitialDelayMS=0, maintenanceFrequencyMS=60000, connectionPoolListeners=[], maxConnecting=2}, serverSettings=ServerSettings{heartbeatFrequencyMS=10000, minHeartbeatFrequencyMS=500, serverMonitoringMode=AUTO, serverListeners='[]', serverMonitorListeners='[]'}, sslSettings=SslSettings{enabled=true, invalidHostNameAllowed=false, context=null}, applicationName='Cluster0', compressorList=[], uuidRepresentation=JAVA_LEGACY, serverApi=null, autoEncryptionSettings=null, dnsClient=null, inetAddressResolver=null, contextProvider=null, timeoutMS=null}
2025-03-27T18:31:19.533+05:30  INFO 20740 --- [slack-hrbp] [7cn.mongodb.net] org.mongodb.driver.cluster               : Adding discovered server cluster0-shard-00-00.sy7cn.mongodb.net:27017 to client view of cluster
2025-03-27T18:31:19.541+05:30  INFO 20740 --- [slack-hrbp] [7cn.mongodb.net] org.mongodb.driver.cluster               : Adding discovered server cluster0-shard-00-01.sy7cn.mongodb.net:27017 to client view of cluster
2025-03-27T18:31:20.645+05:30  INFO 20740 --- [slack-hrbp] [ngodb.net:27017] org.mongodb.driver.cluster               : Monitor thread successfully connected to server with description ServerDescription{address=cluster0-shard-00-01.sy7cn.mongodb.net:27017, type=REPLICA_SET_PRIMARY, cryptd=false, state=CONNECTED, ok=true, minWireVersion=0, maxWireVersion=25, maxDocumentSize=16777216, logicalSessionTimeoutMinutes=30, roundTripTimeNanos=588981200, minRoundTripTimeNanos=0, setName='atlas-84t061-shard-0', canonicalAddress=cluster0-shard-00-01.sy7cn.mongodb.net:27017, hosts=[cluster0-shard-00-01.sy7cn.mongodb.net:27017, cluster0-shard-00-02.sy7cn.mongodb.net:27017, cluster0-shard-00-00.sy7cn.mongodb.net:27017], passives=[], arbiters=[], primary='cluster0-shard-00-01.sy7cn.mongodb.net:27017', tagSet=TagSet{[Tag{name='availabilityZone', value='aps1-az3'}, Tag{name='diskState', value='READY'}, Tag{name='nodeType', value='ELECTABLE'}, Tag{name='provider', value='AWS'}, Tag{name='region', value='AP_SOUTH_1'}, Tag{name='workloadType', value='OPERATIONAL'}]}, electionId=7fffffff0000000000000030, setVersion=1, topologyVersion=TopologyVersion{processId=67e3edad97fba4b0b09617d0, counter=14}, lastWriteDate=Thu Mar 27 18:31:21 IST 2025, lastUpdateTimeNanos=28305552429700}
2025-03-27T18:31:20.645+05:30  INFO 20740 --- [slack-hrbp] [ngodb.net:27017] org.mongodb.driver.cluster               : Monitor thread successfully connected to server with description ServerDescription{address=cluster0-shard-00-00.sy7cn.mongodb.net:27017, type=REPLICA_SET_SECONDARY, cryptd=false, state=CONNECTED, ok=true, minWireVersion=0, maxWireVersion=25, maxDocumentSize=16777216, logicalSessionTimeoutMinutes=30, roundTripTimeNanos=588448700, minRoundTripTimeNanos=0, setName='atlas-84t061-shard-0', canonicalAddress=cluster0-shard-00-00.sy7cn.mongodb.net:27017, hosts=[cluster0-shard-00-01.sy7cn.mongodb.net:27017, cluster0-shard-00-02.sy7cn.mongodb.net:27017, cluster0-shard-00-00.sy7cn.mongodb.net:27017], passives=[], arbiters=[], primary='cluster0-shard-00-01.sy7cn.mongodb.net:27017', tagSet=TagSet{[Tag{name='availabilityZone', value='aps1-az1'}, Tag{name='diskState', value='READY'}, Tag{name='nodeType', value='ELECTABLE'}, Tag{name='provider', value='AWS'}, Tag{name='region', value='AP_SOUTH_1'}, Tag{name='workloadType', value='OPERATIONAL'}]}, electionId=null, setVersion=1, topologyVersion=TopologyVersion{processId=67e3c923d7a208fcdeaf15c9, counter=15}, lastWriteDate=Thu Mar 27 18:31:21 IST 2025, lastUpdateTimeNanos=28305552056400}
2025-03-27T18:31:20.645+05:30  INFO 20740 --- [slack-hrbp] [ngodb.net:27017] org.mongodb.driver.cluster               : Monitor thread successfully connected to server with description ServerDescription{address=cluster0-shard-00-02.sy7cn.mongodb.net:27017, type=REPLICA_SET_SECONDARY, cryptd=false, state=CONNECTED, ok=true, minWireVersion=0, maxWireVersion=25, maxDocumentSize=16777216, logicalSessionTimeoutMinutes=30, roundTripTimeNanos=588458500, minRoundTripTimeNanos=0, setName='atlas-84t061-shard-0', canonicalAddress=cluster0-shard-00-02.sy7cn.mongodb.net:27017, hosts=[cluster0-shard-00-01.sy7cn.mongodb.net:27017, cluster0-shard-00-02.sy7cn.mongodb.net:27017, cluster0-shard-00-00.sy7cn.mongodb.net:27017], passives=[], arbiters=[], primary='cluster0-shard-00-01.sy7cn.mongodb.net:27017', tagSet=TagSet{[Tag{name='availabilityZone', value='aps1-az2'}, Tag{name='diskState', value='READY'}, Tag{name='nodeType', value='ELECTABLE'}, Tag{name='provider', value='AWS'}, Tag{name='region', value='AP_SOUTH_1'}, Tag{name='workloadType', value='OPERATIONAL'}]}, electionId=null, setVersion=1, topologyVersion=TopologyVersion{processId=67e414789df5c13fb8634ef8, counter=3}, lastWriteDate=Thu Mar 27 18:31:21 IST 2025, lastUpdateTimeNanos=28305552056500}
2025-03-27T18:31:20.657+05:30  INFO 20740 --- [slack-hrbp] [ngodb.net:27017] org.mongodb.driver.cluster               : Discovered replica set primary cluster0-shard-00-01.sy7cn.mongodb.net:27017 with max election id 7fffffff0000000000000030 and max set version 1
2025-03-27T18:31:21.251+05:30  INFO 20740 --- [slack-hrbp] [           main] o.neo4j.driver.internal.DriverFactory    : Routing driver instance 15352402 created for server address b9ca392a.databases.neo4j.io:7687
2025-03-27T18:31:21.640+05:30  WARN 20740 --- [slack-hrbp] [           main] o.s.d.n.r.query.Neo4jQuerySupport        : The custom query 
MATCH (e:Employee) RETURN e
for 'com.cars24.slack_hrbp.data.repository.EmployeeRepository.findAll' is supposed to work with a page or slicing query but does not have the required parameter placeholders `$skip` and `$limit`.
Be aware that those parameters are case sensitive and SDN uses the lower case variant.
2025-03-27T18:31:21.647+05:30  WARN 20740 --- [slack-hrbp] [           main] o.s.d.n.r.query.Neo4jQuerySupport        : The custom query 
MATCH (e:Employee)-[:REPORTED_BY]->(m:Employee {userId: $managerId}) RETURN e
for 'com.cars24.slack_hrbp.data.repository.EmployeeRepository.findByManagerId' is supposed to work with a page or slicing query but does not have the required parameter placeholders `$skip` and `$limit`.
Be aware that those parameters are case sensitive and SDN uses the lower case variant.
2025-03-27T18:31:21.945+05:30  WARN 20740 --- [slack-hrbp] [           main] JpaBaseConfiguration$JpaWebConfiguration : spring.jpa.open-in-view is enabled by default. Therefore, database queries may be performed during view rendering. Explicitly configure spring.jpa.open-in-view to disable this warning
2025-03-27T18:31:22.003+05:30  INFO 20740 --- [slack-hrbp] [           main] r$InitializeUserDetailsManagerConfigurer : Global AuthenticationManager configured with UserDetailsService bean with name userServiceImpl
2025-03-27T18:31:23.596+05:30  INFO 20740 --- [slack-hrbp] [           main] c.c.s.controller.EmployeeControllerTest  : Started EmployeeControllerTest in 12.913 seconds (process running for 16.709)
2025-03-27T18:31:25.040+05:30  INFO 20740 --- [slack-hrbp] [           main] c.c.s.controller.EmployeeController      : GetUserDetails Manager called
]]></system-out>
    <system-err><![CDATA[Mockito is currently self-attaching to enable the inline-mock-maker. This will no longer work in future releases of the JDK. Please add Mockito as an agent to your build as described in Mockito's documentation: https://javadoc.io/doc/org.mockito/mockito-core/latest/org/mockito/Mockito.html#0.3
WARNING: A Java agent has been loaded dynamically (C:\Users\Varun S\.m2\repository\net\bytebuddy\byte-buddy-agent\1.15.11\byte-buddy-agent-1.15.11.jar)
WARNING: If a serviceability tool is in use, please run with -XX:+EnableDynamicAgentLoading to hide this warning
WARNING: If a serviceability tool is not in use, please run with -Djdk.instrument.traceUsage for more information
WARNING: Dynamic loading of agents will be disallowed by default in a future release
]]></system-err>
  </testcase>
  <testcase name="testGetUserDetailsByUserIdAndMonth" classname="com.cars24.slack_hrbp.controller.EmployeeControllerTest" time="0.019"/>
</testsuite>