<?xml version="1.0" encoding="UTF-8"?>
<testsuite xmlns:xsi="http://www.w3.org/2001/XMLSchema-instance" xsi:noNamespaceSchemaLocation="https://maven.apache.org/surefire/maven-surefire-plugin/xsd/surefire-test-report.xsd" version="3.0.2" name="com.cars24.slack_hrbp.SlackHrbpApplicationTests" time="0.024" tests="1" errors="0" skipped="0" failures="0">
  <properties>
[...]
</properties>
  <testcase name="contextLoads" classname="com.cars24.slack_hrbp.SlackHrbpApplicationTests" time="0.006">
    <system-out><![CDATA[2025-03-12T16:30:35.316+05:30  INFO 604 --- [slack-hrbp] [           main] t.c.s.AnnotationConfigContextLoaderUtils : Could not detect default configuration classes for test class [com.cars24.slack_hrbp.SlackHrbpApplicationTests]: SlackHrbpApplicationTests does not declare any static, non-private, non-final, nested classes annotated with @Configuration.
2025-03-12T16:30:35.329+05:30  INFO 604 --- [slack-hrbp] [           main] .b.t.c.SpringBootTestContextBootstrapper : Found @SpringBootConfiguration com.cars24.slack_hrbp.SlackHrbpApplication for test class com.cars24.slack_hrbp.SlackHrbpApplicationTests
]]></system-out>
  </testcase>
</testsuite>